CRITICAL - 2024-05-18 03:34:34 --> ParseError: syntax error, unexpected token "}", expecting ";"
[Method: GET, Route: products]
in APPPATH\Controllers\Product.php on line 13.
 1 VENDORPATH\composer\ClassLoader.php(433): Composer\Autoload\{closure}('H:\\xampp\\htdocs\\php-projects\\vendor\\composer/../../app\\Controllers\\Product.php')
 2 [internal function]: Composer\Autoload\ClassLoader->loadClass('App\\Controllers\\Product')
 3 SYSTEMPATH\CodeIgniter.php(887): class_exists('\\App\\Controllers\\Product', true)
 4 SYSTEMPATH\CodeIgniter.php(496): CodeIgniter\CodeIgniter->startController()
 5 SYSTEMPATH\CodeIgniter.php(355): CodeIgniter\CodeIgniter->handleRequest(null, Object(Config\Cache), false)
 6 SYSTEMPATH\Boot.php(312): CodeIgniter\CodeIgniter->run()
 7 SYSTEMPATH\Boot.php(67): CodeIgniter\Boot::runCodeIgniter(Object(CodeIgniter\CodeIgniter))
 8 FCPATH\index.php(56): CodeIgniter\Boot::bootWeb(Object(Config\Paths))
CRITICAL - 2024-05-18 03:34:40 --> ParseError: syntax error, unexpected token "}", expecting ";"
[Method: GET, Route: products]
in APPPATH\Controllers\Product.php on line 13.
 1 VENDORPATH\composer\ClassLoader.php(433): Composer\Autoload\{closure}('H:\\xampp\\htdocs\\php-projects\\vendor\\composer/../../app\\Controllers\\Product.php')
 2 [internal function]: Composer\Autoload\ClassLoader->loadClass('App\\Controllers\\Product')
 3 SYSTEMPATH\CodeIgniter.php(887): class_exists('\\App\\Controllers\\Product', true)
 4 SYSTEMPATH\CodeIgniter.php(496): CodeIgniter\CodeIgniter->startController()
 5 SYSTEMPATH\CodeIgniter.php(355): CodeIgniter\CodeIgniter->handleRequest(null, Object(Config\Cache), false)
 6 SYSTEMPATH\Boot.php(312): CodeIgniter\CodeIgniter->run()
 7 SYSTEMPATH\Boot.php(67): CodeIgniter\Boot::runCodeIgniter(Object(CodeIgniter\CodeIgniter))
 8 FCPATH\index.php(56): CodeIgniter\Boot::bootWeb(Object(Config\Paths))
CRITICAL - 2024-05-18 03:34:54 --> ParseError: syntax error, unexpected token "}"
[Method: GET, Route: products]
in APPPATH\Controllers\Product.php on line 13.
 1 VENDORPATH\composer\ClassLoader.php(433): Composer\Autoload\{closure}('H:\\xampp\\htdocs\\php-projects\\vendor\\composer/../../app\\Controllers\\Product.php')
 2 [internal function]: Composer\Autoload\ClassLoader->loadClass('App\\Controllers\\Product')
 3 SYSTEMPATH\CodeIgniter.php(887): class_exists('\\App\\Controllers\\Product', true)
 4 SYSTEMPATH\CodeIgniter.php(496): CodeIgniter\CodeIgniter->startController()
 5 SYSTEMPATH\CodeIgniter.php(355): CodeIgniter\CodeIgniter->handleRequest(null, Object(Config\Cache), false)
 6 SYSTEMPATH\Boot.php(312): CodeIgniter\CodeIgniter->run()
 7 SYSTEMPATH\Boot.php(67): CodeIgniter\Boot::runCodeIgniter(Object(CodeIgniter\CodeIgniter))
 8 FCPATH\index.php(56): CodeIgniter\Boot::bootWeb(Object(Config\Paths))
CRITICAL - 2024-05-18 03:35:06 --> ParseError: syntax error, unexpected token "}", expecting ";"
[Method: GET, Route: products]
in APPPATH\Controllers\Product.php on line 13.
 1 VENDORPATH\composer\ClassLoader.php(433): Composer\Autoload\{closure}('H:\\xampp\\htdocs\\php-projects\\vendor\\composer/../../app\\Controllers\\Product.php')
 2 [internal function]: Composer\Autoload\ClassLoader->loadClass('App\\Controllers\\Product')
 3 SYSTEMPATH\CodeIgniter.php(887): class_exists('\\App\\Controllers\\Product', true)
 4 SYSTEMPATH\CodeIgniter.php(496): CodeIgniter\CodeIgniter->startController()
 5 SYSTEMPATH\CodeIgniter.php(355): CodeIgniter\CodeIgniter->handleRequest(null, Object(Config\Cache), false)
 6 SYSTEMPATH\Boot.php(312): CodeIgniter\CodeIgniter->run()
 7 SYSTEMPATH\Boot.php(67): CodeIgniter\Boot::runCodeIgniter(Object(CodeIgniter\CodeIgniter))
 8 FCPATH\index.php(56): CodeIgniter\Boot::bootWeb(Object(Config\Paths))
CRITICAL - 2024-05-18 03:36:16 --> ParseError: syntax error, unexpected token "}", expecting ";"
[Method: GET, Route: products]
in APPPATH\Controllers\Product.php on line 13.
 1 VENDORPATH\composer\ClassLoader.php(433): Composer\Autoload\{closure}('H:\\xampp\\htdocs\\php-projects\\vendor\\composer/../../app\\Controllers\\Product.php')
 2 [internal function]: Composer\Autoload\ClassLoader->loadClass('App\\Controllers\\Product')
 3 SYSTEMPATH\CodeIgniter.php(887): class_exists('\\App\\Controllers\\Product', true)
 4 SYSTEMPATH\CodeIgniter.php(496): CodeIgniter\CodeIgniter->startController()
 5 SYSTEMPATH\CodeIgniter.php(355): CodeIgniter\CodeIgniter->handleRequest(null, Object(Config\Cache), false)
 6 SYSTEMPATH\Boot.php(312): CodeIgniter\CodeIgniter->run()
 7 SYSTEMPATH\Boot.php(67): CodeIgniter\Boot::runCodeIgniter(Object(CodeIgniter\CodeIgniter))
 8 FCPATH\index.php(56): CodeIgniter\Boot::bootWeb(Object(Config\Paths))
CRITICAL - 2024-05-18 03:42:40 --> ParseError: syntax error, unexpected token "}", expecting ";"
[Method: GET, Route: products]
in APPPATH\Controllers\Product.php on line 13.
 1 VENDORPATH\composer\ClassLoader.php(433): Composer\Autoload\{closure}('H:\\xampp\\htdocs\\php-projects\\vendor\\composer/../../app\\Controllers\\Product.php')
 2 [internal function]: Composer\Autoload\ClassLoader->loadClass('App\\Controllers\\Product')
 3 SYSTEMPATH\CodeIgniter.php(887): class_exists('\\App\\Controllers\\Product', true)
 4 SYSTEMPATH\CodeIgniter.php(496): CodeIgniter\CodeIgniter->startController()
 5 SYSTEMPATH\CodeIgniter.php(355): CodeIgniter\CodeIgniter->handleRequest(null, Object(Config\Cache), false)
 6 SYSTEMPATH\Boot.php(312): CodeIgniter\CodeIgniter->run()
 7 SYSTEMPATH\Boot.php(67): CodeIgniter\Boot::runCodeIgniter(Object(CodeIgniter\CodeIgniter))
 8 FCPATH\index.php(56): CodeIgniter\Boot::bootWeb(Object(Config\Paths))
CRITICAL - 2024-05-18 03:42:43 --> ParseError: syntax error, unexpected token "}", expecting ";"
[Method: GET, Route: products]
in APPPATH\Controllers\Product.php on line 13.
 1 VENDORPATH\composer\ClassLoader.php(433): Composer\Autoload\{closure}('H:\\xampp\\htdocs\\php-projects\\vendor\\composer/../../app\\Controllers\\Product.php')
 2 [internal function]: Composer\Autoload\ClassLoader->loadClass('App\\Controllers\\Product')
 3 SYSTEMPATH\CodeIgniter.php(887): class_exists('\\App\\Controllers\\Product', true)
 4 SYSTEMPATH\CodeIgniter.php(496): CodeIgniter\CodeIgniter->startController()
 5 SYSTEMPATH\CodeIgniter.php(355): CodeIgniter\CodeIgniter->handleRequest(null, Object(Config\Cache), false)
 6 SYSTEMPATH\Boot.php(312): CodeIgniter\CodeIgniter->run()
 7 SYSTEMPATH\Boot.php(67): CodeIgniter\Boot::runCodeIgniter(Object(CodeIgniter\CodeIgniter))
 8 FCPATH\index.php(56): CodeIgniter\Boot::bootWeb(Object(Config\Paths))
CRITICAL - 2024-05-18 03:43:03 --> ParseError: syntax error, unexpected token "}", expecting ";"
[Method: GET, Route: products]
in APPPATH\Controllers\Product.php on line 13.
 1 VENDORPATH\composer\ClassLoader.php(433): Composer\Autoload\{closure}('H:\\xampp\\htdocs\\php-projects\\vendor\\composer/../../app\\Controllers\\Product.php')
 2 [internal function]: Composer\Autoload\ClassLoader->loadClass('App\\Controllers\\Product')
 3 SYSTEMPATH\CodeIgniter.php(887): class_exists('\\App\\Controllers\\Product', true)
 4 SYSTEMPATH\CodeIgniter.php(496): CodeIgniter\CodeIgniter->startController()
 5 SYSTEMPATH\CodeIgniter.php(355): CodeIgniter\CodeIgniter->handleRequest(null, Object(Config\Cache), false)
 6 SYSTEMPATH\Boot.php(312): CodeIgniter\CodeIgniter->run()
 7 SYSTEMPATH\Boot.php(67): CodeIgniter\Boot::runCodeIgniter(Object(CodeIgniter\CodeIgniter))
 8 FCPATH\index.php(56): CodeIgniter\Boot::bootWeb(Object(Config\Paths))
CRITICAL - 2024-05-18 03:43:52 --> ParseError: syntax error, unexpected token "}", expecting ";"
[Method: GET, Route: products]
in APPPATH\Controllers\Product.php on line 13.
 1 VENDORPATH\composer\ClassLoader.php(433): Composer\Autoload\{closure}('H:\\xampp\\htdocs\\php-projects\\vendor\\composer/../../app\\Controllers\\Product.php')
 2 [internal function]: Composer\Autoload\ClassLoader->loadClass('App\\Controllers\\Product')
 3 SYSTEMPATH\CodeIgniter.php(887): class_exists('\\App\\Controllers\\Product', true)
 4 SYSTEMPATH\CodeIgniter.php(496): CodeIgniter\CodeIgniter->startController()
 5 SYSTEMPATH\CodeIgniter.php(355): CodeIgniter\CodeIgniter->handleRequest(null, Object(Config\Cache), false)
 6 SYSTEMPATH\Boot.php(312): CodeIgniter\CodeIgniter->run()
 7 SYSTEMPATH\Boot.php(67): CodeIgniter\Boot::runCodeIgniter(Object(CodeIgniter\CodeIgniter))
 8 FCPATH\index.php(56): CodeIgniter\Boot::bootWeb(Object(Config\Paths))
CRITICAL - 2024-05-18 03:43:54 --> ParseError: syntax error, unexpected token "}", expecting ";"
[Method: GET, Route: products]
in APPPATH\Controllers\Product.php on line 13.
 1 VENDORPATH\composer\ClassLoader.php(433): Composer\Autoload\{closure}('H:\\xampp\\htdocs\\php-projects\\vendor\\composer/../../app\\Controllers\\Product.php')
 2 [internal function]: Composer\Autoload\ClassLoader->loadClass('App\\Controllers\\Product')
 3 SYSTEMPATH\CodeIgniter.php(887): class_exists('\\App\\Controllers\\Product', true)
 4 SYSTEMPATH\CodeIgniter.php(496): CodeIgniter\CodeIgniter->startController()
 5 SYSTEMPATH\CodeIgniter.php(355): CodeIgniter\CodeIgniter->handleRequest(null, Object(Config\Cache), false)
 6 SYSTEMPATH\Boot.php(312): CodeIgniter\CodeIgniter->run()
 7 SYSTEMPATH\Boot.php(67): CodeIgniter\Boot::runCodeIgniter(Object(CodeIgniter\CodeIgniter))
 8 FCPATH\index.php(56): CodeIgniter\Boot::bootWeb(Object(Config\Paths))
CRITICAL - 2024-05-18 03:43:55 --> ParseError: syntax error, unexpected token "}", expecting ";"
[Method: GET, Route: products]
in APPPATH\Controllers\Product.php on line 13.
 1 VENDORPATH\composer\ClassLoader.php(433): Composer\Autoload\{closure}('H:\\xampp\\htdocs\\php-projects\\vendor\\composer/../../app\\Controllers\\Product.php')
 2 [internal function]: Composer\Autoload\ClassLoader->loadClass('App\\Controllers\\Product')
 3 SYSTEMPATH\CodeIgniter.php(887): class_exists('\\App\\Controllers\\Product', true)
 4 SYSTEMPATH\CodeIgniter.php(496): CodeIgniter\CodeIgniter->startController()
 5 SYSTEMPATH\CodeIgniter.php(355): CodeIgniter\CodeIgniter->handleRequest(null, Object(Config\Cache), false)
 6 SYSTEMPATH\Boot.php(312): CodeIgniter\CodeIgniter->run()
 7 SYSTEMPATH\Boot.php(67): CodeIgniter\Boot::runCodeIgniter(Object(CodeIgniter\CodeIgniter))
 8 FCPATH\index.php(56): CodeIgniter\Boot::bootWeb(Object(Config\Paths))
CRITICAL - 2024-05-18 03:44:12 --> ParseError: syntax error, unexpected token "}", expecting ";"
[Method: GET, Route: products]
in APPPATH\Controllers\Product.php on line 13.
 1 VENDORPATH\composer\ClassLoader.php(433): Composer\Autoload\{closure}('H:\\xampp\\htdocs\\php-projects\\vendor\\composer/../../app\\Controllers\\Product.php')
 2 [internal function]: Composer\Autoload\ClassLoader->loadClass('App\\Controllers\\Product')
 3 SYSTEMPATH\CodeIgniter.php(887): class_exists('\\App\\Controllers\\Product', true)
 4 SYSTEMPATH\CodeIgniter.php(496): CodeIgniter\CodeIgniter->startController()
 5 SYSTEMPATH\CodeIgniter.php(355): CodeIgniter\CodeIgniter->handleRequest(null, Object(Config\Cache), false)
 6 SYSTEMPATH\Boot.php(312): CodeIgniter\CodeIgniter->run()
 7 SYSTEMPATH\Boot.php(67): CodeIgniter\Boot::runCodeIgniter(Object(CodeIgniter\CodeIgniter))
 8 FCPATH\index.php(56): CodeIgniter\Boot::bootWeb(Object(Config\Paths))
CRITICAL - 2024-05-18 03:44:15 --> ParseError: syntax error, unexpected token "}", expecting ";"
[Method: GET, Route: products]
in APPPATH\Controllers\Product.php on line 13.
 1 VENDORPATH\composer\ClassLoader.php(433): Composer\Autoload\{closure}('H:\\xampp\\htdocs\\php-projects\\vendor\\composer/../../app\\Controllers\\Product.php')
 2 [internal function]: Composer\Autoload\ClassLoader->loadClass('App\\Controllers\\Product')
 3 SYSTEMPATH\CodeIgniter.php(887): class_exists('\\App\\Controllers\\Product', true)
 4 SYSTEMPATH\CodeIgniter.php(496): CodeIgniter\CodeIgniter->startController()
 5 SYSTEMPATH\CodeIgniter.php(355): CodeIgniter\CodeIgniter->handleRequest(null, Object(Config\Cache), false)
 6 SYSTEMPATH\Boot.php(312): CodeIgniter\CodeIgniter->run()
 7 SYSTEMPATH\Boot.php(67): CodeIgniter\Boot::runCodeIgniter(Object(CodeIgniter\CodeIgniter))
 8 FCPATH\index.php(56): CodeIgniter\Boot::bootWeb(Object(Config\Paths))
CRITICAL - 2024-05-18 03:45:25 --> ParseError: syntax error, unexpected token "}", expecting ";"
[Method: GET, Route: products]
in APPPATH\Controllers\Product.php on line 13.
 1 VENDORPATH\composer\ClassLoader.php(433): Composer\Autoload\{closure}('H:\\xampp\\htdocs\\php-projects\\vendor\\composer/../../app\\Controllers\\Product.php')
 2 [internal function]: Composer\Autoload\ClassLoader->loadClass('App\\Controllers\\Product')
 3 SYSTEMPATH\CodeIgniter.php(887): class_exists('\\App\\Controllers\\Product', true)
 4 SYSTEMPATH\CodeIgniter.php(496): CodeIgniter\CodeIgniter->startController()
 5 SYSTEMPATH\CodeIgniter.php(355): CodeIgniter\CodeIgniter->handleRequest(null, Object(Config\Cache), false)
 6 SYSTEMPATH\Boot.php(312): CodeIgniter\CodeIgniter->run()
 7 SYSTEMPATH\Boot.php(67): CodeIgniter\Boot::runCodeIgniter(Object(CodeIgniter\CodeIgniter))
 8 FCPATH\index.php(56): CodeIgniter\Boot::bootWeb(Object(Config\Paths))
CRITICAL - 2024-05-18 03:45:26 --> ParseError: syntax error, unexpected token "}", expecting ";"
[Method: GET, Route: products]
in APPPATH\Controllers\Product.php on line 13.
 1 VENDORPATH\composer\ClassLoader.php(433): Composer\Autoload\{closure}('H:\\xampp\\htdocs\\php-projects\\vendor\\composer/../../app\\Controllers\\Product.php')
 2 [internal function]: Composer\Autoload\ClassLoader->loadClass('App\\Controllers\\Product')
 3 SYSTEMPATH\CodeIgniter.php(887): class_exists('\\App\\Controllers\\Product', true)
 4 SYSTEMPATH\CodeIgniter.php(496): CodeIgniter\CodeIgniter->startController()
 5 SYSTEMPATH\CodeIgniter.php(355): CodeIgniter\CodeIgniter->handleRequest(null, Object(Config\Cache), false)
 6 SYSTEMPATH\Boot.php(312): CodeIgniter\CodeIgniter->run()
 7 SYSTEMPATH\Boot.php(67): CodeIgniter\Boot::runCodeIgniter(Object(CodeIgniter\CodeIgniter))
 8 FCPATH\index.php(56): CodeIgniter\Boot::bootWeb(Object(Config\Paths))
CRITICAL - 2024-05-18 03:52:25 --> ParseError: syntax error, unexpected token "}", expecting ";"
[Method: GET, Route: products]
in APPPATH\Controllers\Product.php on line 13.
 1 VENDORPATH\composer\ClassLoader.php(433): Composer\Autoload\{closure}('H:\\xampp\\htdocs\\php-projects\\vendor\\composer/../../app\\Controllers\\Product.php')
 2 [internal function]: Composer\Autoload\ClassLoader->loadClass('App\\Controllers\\Product')
 3 SYSTEMPATH\CodeIgniter.php(887): class_exists('\\App\\Controllers\\Product', true)
 4 SYSTEMPATH\CodeIgniter.php(496): CodeIgniter\CodeIgniter->startController()
 5 SYSTEMPATH\CodeIgniter.php(355): CodeIgniter\CodeIgniter->handleRequest(null, Object(Config\Cache), false)
 6 SYSTEMPATH\Boot.php(312): CodeIgniter\CodeIgniter->run()
 7 SYSTEMPATH\Boot.php(67): CodeIgniter\Boot::runCodeIgniter(Object(CodeIgniter\CodeIgniter))
 8 FCPATH\index.php(56): CodeIgniter\Boot::bootWeb(Object(Config\Paths))
CRITICAL - 2024-05-18 03:53:32 --> ParseError: syntax error, unexpected token "}", expecting ";"
[Method: GET, Route: products]
in APPPATH\Controllers\Product.php on line 13.
 1 VENDORPATH\composer\ClassLoader.php(433): Composer\Autoload\{closure}('H:\\xampp\\htdocs\\php-projects\\vendor\\composer/../../app\\Controllers\\Product.php')
 2 [internal function]: Composer\Autoload\ClassLoader->loadClass('App\\Controllers\\Product')
 3 SYSTEMPATH\CodeIgniter.php(887): class_exists('\\App\\Controllers\\Product', true)
 4 SYSTEMPATH\CodeIgniter.php(496): CodeIgniter\CodeIgniter->startController()
 5 SYSTEMPATH\CodeIgniter.php(355): CodeIgniter\CodeIgniter->handleRequest(null, Object(Config\Cache), false)
 6 SYSTEMPATH\Boot.php(312): CodeIgniter\CodeIgniter->run()
 7 SYSTEMPATH\Boot.php(67): CodeIgniter\Boot::runCodeIgniter(Object(CodeIgniter\CodeIgniter))
 8 FCPATH\index.php(56): CodeIgniter\Boot::bootWeb(Object(Config\Paths))
CRITICAL - 2024-05-18 03:53:41 --> ParseError: syntax error, unexpected token "}", expecting ";"
[Method: GET, Route: products]
in APPPATH\Controllers\Product.php on line 13.
 1 VENDORPATH\composer\ClassLoader.php(433): Composer\Autoload\{closure}('H:\\xampp\\htdocs\\php-projects\\vendor\\composer/../../app\\Controllers\\Product.php')
 2 [internal function]: Composer\Autoload\ClassLoader->loadClass('App\\Controllers\\Product')
 3 SYSTEMPATH\CodeIgniter.php(887): class_exists('\\App\\Controllers\\Product', true)
 4 SYSTEMPATH\CodeIgniter.php(496): CodeIgniter\CodeIgniter->startController()
 5 SYSTEMPATH\CodeIgniter.php(355): CodeIgniter\CodeIgniter->handleRequest(null, Object(Config\Cache), false)
 6 SYSTEMPATH\Boot.php(312): CodeIgniter\CodeIgniter->run()
 7 SYSTEMPATH\Boot.php(67): CodeIgniter\Boot::runCodeIgniter(Object(CodeIgniter\CodeIgniter))
 8 FCPATH\index.php(56): CodeIgniter\Boot::bootWeb(Object(Config\Paths))
CRITICAL - 2024-05-18 03:53:48 --> ParseError: syntax error, unexpected token "}", expecting ";"
[Method: GET, Route: products]
in APPPATH\Controllers\Product.php on line 13.
 1 VENDORPATH\composer\ClassLoader.php(433): Composer\Autoload\{closure}('H:\\xampp\\htdocs\\php-projects\\vendor\\composer/../../app\\Controllers\\Product.php')
 2 [internal function]: Composer\Autoload\ClassLoader->loadClass('App\\Controllers\\Product')
 3 SYSTEMPATH\CodeIgniter.php(887): class_exists('\\App\\Controllers\\Product', true)
 4 SYSTEMPATH\CodeIgniter.php(496): CodeIgniter\CodeIgniter->startController()
 5 SYSTEMPATH\CodeIgniter.php(355): CodeIgniter\CodeIgniter->handleRequest(null, Object(Config\Cache), false)
 6 SYSTEMPATH\Boot.php(312): CodeIgniter\CodeIgniter->run()
 7 SYSTEMPATH\Boot.php(67): CodeIgniter\Boot::runCodeIgniter(Object(CodeIgniter\CodeIgniter))
 8 FCPATH\index.php(56): CodeIgniter\Boot::bootWeb(Object(Config\Paths))
CRITICAL - 2024-05-18 03:54:06 --> ParseError: syntax error, unexpected token "}", expecting ";"
[Method: GET, Route: products]
in APPPATH\Controllers\Product.php on line 13.
 1 VENDORPATH\composer\ClassLoader.php(433): Composer\Autoload\{closure}('H:\\xampp\\htdocs\\php-projects\\vendor\\composer/../../app\\Controllers\\Product.php')
 2 [internal function]: Composer\Autoload\ClassLoader->loadClass('App\\Controllers\\Product')
 3 SYSTEMPATH\CodeIgniter.php(887): class_exists('\\App\\Controllers\\Product', true)
 4 SYSTEMPATH\CodeIgniter.php(496): CodeIgniter\CodeIgniter->startController()
 5 SYSTEMPATH\CodeIgniter.php(355): CodeIgniter\CodeIgniter->handleRequest(null, Object(Config\Cache), false)
 6 SYSTEMPATH\Boot.php(312): CodeIgniter\CodeIgniter->run()
 7 SYSTEMPATH\Boot.php(67): CodeIgniter\Boot::runCodeIgniter(Object(CodeIgniter\CodeIgniter))
 8 FCPATH\index.php(56): CodeIgniter\Boot::bootWeb(Object(Config\Paths))
CRITICAL - 2024-05-18 03:54:30 --> ParseError: syntax error, unexpected token "}", expecting ";"
[Method: GET, Route: products]
in APPPATH\Controllers\Product.php on line 13.
 1 VENDORPATH\composer\ClassLoader.php(433): Composer\Autoload\{closure}('H:\\xampp\\htdocs\\php-projects\\vendor\\composer/../../app\\Controllers\\Product.php')
 2 [internal function]: Composer\Autoload\ClassLoader->loadClass('App\\Controllers\\Product')
 3 SYSTEMPATH\CodeIgniter.php(887): class_exists('\\App\\Controllers\\Product', true)
 4 SYSTEMPATH\CodeIgniter.php(496): CodeIgniter\CodeIgniter->startController()
 5 SYSTEMPATH\CodeIgniter.php(355): CodeIgniter\CodeIgniter->handleRequest(null, Object(Config\Cache), false)
 6 SYSTEMPATH\Boot.php(312): CodeIgniter\CodeIgniter->run()
 7 SYSTEMPATH\Boot.php(67): CodeIgniter\Boot::runCodeIgniter(Object(CodeIgniter\CodeIgniter))
 8 FCPATH\index.php(56): CodeIgniter\Boot::bootWeb(Object(Config\Paths))
CRITICAL - 2024-05-18 03:57:12 --> ParseError: syntax error, unexpected token "}", expecting ";"
[Method: GET, Route: products]
in APPPATH\Controllers\Product.php on line 13.
 1 VENDORPATH\composer\ClassLoader.php(433): Composer\Autoload\{closure}('H:\\xampp\\htdocs\\php-projects\\vendor\\composer/../../app\\Controllers\\Product.php')
 2 [internal function]: Composer\Autoload\ClassLoader->loadClass('App\\Controllers\\Product')
 3 SYSTEMPATH\CodeIgniter.php(887): class_exists('\\App\\Controllers\\Product', true)
 4 SYSTEMPATH\CodeIgniter.php(496): CodeIgniter\CodeIgniter->startController()
 5 SYSTEMPATH\CodeIgniter.php(355): CodeIgniter\CodeIgniter->handleRequest(null, Object(Config\Cache), false)
 6 SYSTEMPATH\Boot.php(312): CodeIgniter\CodeIgniter->run()
 7 SYSTEMPATH\Boot.php(67): CodeIgniter\Boot::runCodeIgniter(Object(CodeIgniter\CodeIgniter))
 8 FCPATH\index.php(56): CodeIgniter\Boot::bootWeb(Object(Config\Paths))
CRITICAL - 2024-05-18 03:57:18 --> ParseError: syntax error, unexpected token "}", expecting ";"
[Method: GET, Route: products]
in APPPATH\Controllers\Product.php on line 13.
 1 VENDORPATH\composer\ClassLoader.php(433): Composer\Autoload\{closure}('H:\\xampp\\htdocs\\php-projects\\vendor\\composer/../../app\\Controllers\\Product.php')
 2 [internal function]: Composer\Autoload\ClassLoader->loadClass('App\\Controllers\\Product')
 3 SYSTEMPATH\CodeIgniter.php(887): class_exists('\\App\\Controllers\\Product', true)
 4 SYSTEMPATH\CodeIgniter.php(496): CodeIgniter\CodeIgniter->startController()
 5 SYSTEMPATH\CodeIgniter.php(355): CodeIgniter\CodeIgniter->handleRequest(null, Object(Config\Cache), false)
 6 SYSTEMPATH\Boot.php(312): CodeIgniter\CodeIgniter->run()
 7 SYSTEMPATH\Boot.php(67): CodeIgniter\Boot::runCodeIgniter(Object(CodeIgniter\CodeIgniter))
 8 FCPATH\index.php(56): CodeIgniter\Boot::bootWeb(Object(Config\Paths))
CRITICAL - 2024-05-18 03:59:21 --> ParseError: syntax error, unexpected token "}", expecting ";"
[Method: GET, Route: products]
in APPPATH\Controllers\Product.php on line 13.
 1 VENDORPATH\composer\ClassLoader.php(433): Composer\Autoload\{closure}('H:\\xampp\\htdocs\\php-projects\\vendor\\composer/../../app\\Controllers\\Product.php')
 2 [internal function]: Composer\Autoload\ClassLoader->loadClass('App\\Controllers\\Product')
 3 SYSTEMPATH\CodeIgniter.php(887): class_exists('\\App\\Controllers\\Product', true)
 4 SYSTEMPATH\CodeIgniter.php(496): CodeIgniter\CodeIgniter->startController()
 5 SYSTEMPATH\CodeIgniter.php(355): CodeIgniter\CodeIgniter->handleRequest(null, Object(Config\Cache), false)
 6 SYSTEMPATH\Boot.php(312): CodeIgniter\CodeIgniter->run()
 7 SYSTEMPATH\Boot.php(67): CodeIgniter\Boot::runCodeIgniter(Object(CodeIgniter\CodeIgniter))
 8 FCPATH\index.php(56): CodeIgniter\Boot::bootWeb(Object(Config\Paths))
CRITICAL - 2024-05-18 03:59:37 --> ParseError: syntax error, unexpected token "}", expecting ";"
[Method: GET, Route: products]
in APPPATH\Controllers\Product.php on line 13.
 1 VENDORPATH\composer\ClassLoader.php(433): Composer\Autoload\{closure}('H:\\xampp\\htdocs\\php-projects\\vendor\\composer/../../app\\Controllers\\Product.php')
 2 [internal function]: Composer\Autoload\ClassLoader->loadClass('App\\Controllers\\Product')
 3 SYSTEMPATH\CodeIgniter.php(887): class_exists('\\App\\Controllers\\Product', true)
 4 SYSTEMPATH\CodeIgniter.php(496): CodeIgniter\CodeIgniter->startController()
 5 SYSTEMPATH\CodeIgniter.php(355): CodeIgniter\CodeIgniter->handleRequest(null, Object(Config\Cache), false)
 6 SYSTEMPATH\Boot.php(312): CodeIgniter\CodeIgniter->run()
 7 SYSTEMPATH\Boot.php(67): CodeIgniter\Boot::runCodeIgniter(Object(CodeIgniter\CodeIgniter))
 8 FCPATH\index.php(56): CodeIgniter\Boot::bootWeb(Object(Config\Paths))
CRITICAL - 2024-05-18 03:59:37 --> ParseError: syntax error, unexpected token "}", expecting ";"
[Method: GET, Route: products]
in APPPATH\Controllers\Product.php on line 13.
 1 VENDORPATH\composer\ClassLoader.php(433): Composer\Autoload\{closure}('H:\\xampp\\htdocs\\php-projects\\vendor\\composer/../../app\\Controllers\\Product.php')
 2 [internal function]: Composer\Autoload\ClassLoader->loadClass('App\\Controllers\\Product')
 3 SYSTEMPATH\CodeIgniter.php(887): class_exists('\\App\\Controllers\\Product', true)
 4 SYSTEMPATH\CodeIgniter.php(496): CodeIgniter\CodeIgniter->startController()
 5 SYSTEMPATH\CodeIgniter.php(355): CodeIgniter\CodeIgniter->handleRequest(null, Object(Config\Cache), false)
 6 SYSTEMPATH\Boot.php(312): CodeIgniter\CodeIgniter->run()
 7 SYSTEMPATH\Boot.php(67): CodeIgniter\Boot::runCodeIgniter(Object(CodeIgniter\CodeIgniter))
 8 FCPATH\index.php(56): CodeIgniter\Boot::bootWeb(Object(Config\Paths))
CRITICAL - 2024-05-18 03:59:38 --> ParseError: syntax error, unexpected token "}", expecting ";"
[Method: GET, Route: products]
in APPPATH\Controllers\Product.php on line 13.
 1 VENDORPATH\composer\ClassLoader.php(433): Composer\Autoload\{closure}('H:\\xampp\\htdocs\\php-projects\\vendor\\composer/../../app\\Controllers\\Product.php')
 2 [internal function]: Composer\Autoload\ClassLoader->loadClass('App\\Controllers\\Product')
 3 SYSTEMPATH\CodeIgniter.php(887): class_exists('\\App\\Controllers\\Product', true)
 4 SYSTEMPATH\CodeIgniter.php(496): CodeIgniter\CodeIgniter->startController()
 5 SYSTEMPATH\CodeIgniter.php(355): CodeIgniter\CodeIgniter->handleRequest(null, Object(Config\Cache), false)
 6 SYSTEMPATH\Boot.php(312): CodeIgniter\CodeIgniter->run()
 7 SYSTEMPATH\Boot.php(67): CodeIgniter\Boot::runCodeIgniter(Object(CodeIgniter\CodeIgniter))
 8 FCPATH\index.php(56): CodeIgniter\Boot::bootWeb(Object(Config\Paths))
CRITICAL - 2024-05-18 03:59:38 --> ParseError: syntax error, unexpected token "}", expecting ";"
[Method: GET, Route: products]
in APPPATH\Controllers\Product.php on line 13.
 1 VENDORPATH\composer\ClassLoader.php(433): Composer\Autoload\{closure}('H:\\xampp\\htdocs\\php-projects\\vendor\\composer/../../app\\Controllers\\Product.php')
 2 [internal function]: Composer\Autoload\ClassLoader->loadClass('App\\Controllers\\Product')
 3 SYSTEMPATH\CodeIgniter.php(887): class_exists('\\App\\Controllers\\Product', true)
 4 SYSTEMPATH\CodeIgniter.php(496): CodeIgniter\CodeIgniter->startController()
 5 SYSTEMPATH\CodeIgniter.php(355): CodeIgniter\CodeIgniter->handleRequest(null, Object(Config\Cache), false)
 6 SYSTEMPATH\Boot.php(312): CodeIgniter\CodeIgniter->run()
 7 SYSTEMPATH\Boot.php(67): CodeIgniter\Boot::runCodeIgniter(Object(CodeIgniter\CodeIgniter))
 8 FCPATH\index.php(56): CodeIgniter\Boot::bootWeb(Object(Config\Paths))
CRITICAL - 2024-05-18 03:59:38 --> ParseError: syntax error, unexpected token "}", expecting ";"
[Method: GET, Route: products]
in APPPATH\Controllers\Product.php on line 13.
 1 VENDORPATH\composer\ClassLoader.php(433): Composer\Autoload\{closure}('H:\\xampp\\htdocs\\php-projects\\vendor\\composer/../../app\\Controllers\\Product.php')
 2 [internal function]: Composer\Autoload\ClassLoader->loadClass('App\\Controllers\\Product')
 3 SYSTEMPATH\CodeIgniter.php(887): class_exists('\\App\\Controllers\\Product', true)
 4 SYSTEMPATH\CodeIgniter.php(496): CodeIgniter\CodeIgniter->startController()
 5 SYSTEMPATH\CodeIgniter.php(355): CodeIgniter\CodeIgniter->handleRequest(null, Object(Config\Cache), false)
 6 SYSTEMPATH\Boot.php(312): CodeIgniter\CodeIgniter->run()
 7 SYSTEMPATH\Boot.php(67): CodeIgniter\Boot::runCodeIgniter(Object(CodeIgniter\CodeIgniter))
 8 FCPATH\index.php(56): CodeIgniter\Boot::bootWeb(Object(Config\Paths))
CRITICAL - 2024-05-18 03:59:49 --> ParseError: syntax error, unexpected token "}", expecting ";"
[Method: GET, Route: products]
in APPPATH\Controllers\Product.php on line 13.
 1 VENDORPATH\composer\ClassLoader.php(433): Composer\Autoload\{closure}('H:\\xampp\\htdocs\\php-projects\\vendor\\composer/../../app\\Controllers\\Product.php')
 2 [internal function]: Composer\Autoload\ClassLoader->loadClass('App\\Controllers\\Product')
 3 SYSTEMPATH\CodeIgniter.php(887): class_exists('\\App\\Controllers\\Product', true)
 4 SYSTEMPATH\CodeIgniter.php(496): CodeIgniter\CodeIgniter->startController()
 5 SYSTEMPATH\CodeIgniter.php(355): CodeIgniter\CodeIgniter->handleRequest(null, Object(Config\Cache), false)
 6 SYSTEMPATH\Boot.php(312): CodeIgniter\CodeIgniter->run()
 7 SYSTEMPATH\Boot.php(67): CodeIgniter\Boot::runCodeIgniter(Object(CodeIgniter\CodeIgniter))
 8 FCPATH\index.php(56): CodeIgniter\Boot::bootWeb(Object(Config\Paths))
CRITICAL - 2024-05-18 04:01:04 --> ParseError: syntax error, unexpected token "}", expecting ";"
[Method: GET, Route: products]
in APPPATH\Controllers\Product.php on line 13.
 1 VENDORPATH\composer\ClassLoader.php(433): Composer\Autoload\{closure}('H:\\xampp\\htdocs\\php-projects\\vendor\\composer/../../app\\Controllers\\Product.php')
 2 [internal function]: Composer\Autoload\ClassLoader->loadClass('App\\Controllers\\Product')
 3 SYSTEMPATH\CodeIgniter.php(887): class_exists('\\App\\Controllers\\Product', true)
 4 SYSTEMPATH\CodeIgniter.php(496): CodeIgniter\CodeIgniter->startController()
 5 SYSTEMPATH\CodeIgniter.php(355): CodeIgniter\CodeIgniter->handleRequest(null, Object(Config\Cache), false)
 6 SYSTEMPATH\Boot.php(312): CodeIgniter\CodeIgniter->run()
 7 SYSTEMPATH\Boot.php(67): CodeIgniter\Boot::runCodeIgniter(Object(CodeIgniter\CodeIgniter))
 8 FCPATH\index.php(56): CodeIgniter\Boot::bootWeb(Object(Config\Paths))
CRITICAL - 2024-05-18 04:01:07 --> ParseError: syntax error, unexpected token "}", expecting ";"
[Method: GET, Route: products]
in APPPATH\Controllers\Product.php on line 13.
 1 VENDORPATH\composer\ClassLoader.php(433): Composer\Autoload\{closure}('H:\\xampp\\htdocs\\php-projects\\vendor\\composer/../../app\\Controllers\\Product.php')
 2 [internal function]: Composer\Autoload\ClassLoader->loadClass('App\\Controllers\\Product')
 3 SYSTEMPATH\CodeIgniter.php(887): class_exists('\\App\\Controllers\\Product', true)
 4 SYSTEMPATH\CodeIgniter.php(496): CodeIgniter\CodeIgniter->startController()
 5 SYSTEMPATH\CodeIgniter.php(355): CodeIgniter\CodeIgniter->handleRequest(null, Object(Config\Cache), false)
 6 SYSTEMPATH\Boot.php(312): CodeIgniter\CodeIgniter->run()
 7 SYSTEMPATH\Boot.php(67): CodeIgniter\Boot::runCodeIgniter(Object(CodeIgniter\CodeIgniter))
 8 FCPATH\index.php(56): CodeIgniter\Boot::bootWeb(Object(Config\Paths))
CRITICAL - 2024-05-18 04:02:00 --> ParseError: syntax error, unexpected token "}", expecting ";"
[Method: GET, Route: products]
in APPPATH\Controllers\Product.php on line 13.
 1 VENDORPATH\composer\ClassLoader.php(433): Composer\Autoload\{closure}('H:\\xampp\\htdocs\\php-projects\\vendor\\composer/../../app\\Controllers\\Product.php')
 2 [internal function]: Composer\Autoload\ClassLoader->loadClass('App\\Controllers\\Product')
 3 SYSTEMPATH\CodeIgniter.php(887): class_exists('\\App\\Controllers\\Product', true)
 4 SYSTEMPATH\CodeIgniter.php(496): CodeIgniter\CodeIgniter->startController()
 5 SYSTEMPATH\CodeIgniter.php(355): CodeIgniter\CodeIgniter->handleRequest(null, Object(Config\Cache), false)
 6 SYSTEMPATH\Boot.php(312): CodeIgniter\CodeIgniter->run()
 7 SYSTEMPATH\Boot.php(67): CodeIgniter\Boot::runCodeIgniter(Object(CodeIgniter\CodeIgniter))
 8 FCPATH\index.php(56): CodeIgniter\Boot::bootWeb(Object(Config\Paths))
CRITICAL - 2024-05-18 04:08:50 --> ParseError: syntax error, unexpected token "}", expecting ";"
[Method: GET, Route: products]
in APPPATH\Controllers\Product.php on line 13.
 1 VENDORPATH\composer\ClassLoader.php(433): Composer\Autoload\{closure}('H:\\xampp\\htdocs\\php-projects\\vendor\\composer/../../app\\Controllers\\Product.php')
 2 [internal function]: Composer\Autoload\ClassLoader->loadClass('App\\Controllers\\Product')
 3 SYSTEMPATH\CodeIgniter.php(887): class_exists('\\App\\Controllers\\Product', true)
 4 SYSTEMPATH\CodeIgniter.php(496): CodeIgniter\CodeIgniter->startController()
 5 SYSTEMPATH\CodeIgniter.php(355): CodeIgniter\CodeIgniter->handleRequest(null, Object(Config\Cache), false)
 6 SYSTEMPATH\Boot.php(312): CodeIgniter\CodeIgniter->run()
 7 SYSTEMPATH\Boot.php(67): CodeIgniter\Boot::runCodeIgniter(Object(CodeIgniter\CodeIgniter))
 8 FCPATH\index.php(56): CodeIgniter\Boot::bootWeb(Object(Config\Paths))
CRITICAL - 2024-05-18 04:09:47 --> ParseError: syntax error, unexpected token "}", expecting ";"
[Method: GET, Route: products]
in APPPATH\Controllers\Product.php on line 13.
 1 VENDORPATH\composer\ClassLoader.php(433): Composer\Autoload\{closure}('H:\\xampp\\htdocs\\php-projects\\vendor\\composer/../../app\\Controllers\\Product.php')
 2 [internal function]: Composer\Autoload\ClassLoader->loadClass('App\\Controllers\\Product')
 3 SYSTEMPATH\CodeIgniter.php(887): class_exists('\\App\\Controllers\\Product', true)
 4 SYSTEMPATH\CodeIgniter.php(496): CodeIgniter\CodeIgniter->startController()
 5 SYSTEMPATH\CodeIgniter.php(355): CodeIgniter\CodeIgniter->handleRequest(null, Object(Config\Cache), false)
 6 SYSTEMPATH\Boot.php(312): CodeIgniter\CodeIgniter->run()
 7 SYSTEMPATH\Boot.php(67): CodeIgniter\Boot::runCodeIgniter(Object(CodeIgniter\CodeIgniter))
 8 FCPATH\index.php(56): CodeIgniter\Boot::bootWeb(Object(Config\Paths))
CRITICAL - 2024-05-18 04:18:05 --> ParseError: syntax error, unexpected token "}", expecting ";"
[Method: GET, Route: products]
in APPPATH\Controllers\Product.php on line 13.
 1 VENDORPATH\composer\ClassLoader.php(433): Composer\Autoload\{closure}('H:\\xampp\\htdocs\\php-projects\\vendor\\composer/../../app\\Controllers\\Product.php')
 2 [internal function]: Composer\Autoload\ClassLoader->loadClass('App\\Controllers\\Product')
 3 SYSTEMPATH\CodeIgniter.php(887): class_exists('\\App\\Controllers\\Product', true)
 4 SYSTEMPATH\CodeIgniter.php(496): CodeIgniter\CodeIgniter->startController()
 5 SYSTEMPATH\CodeIgniter.php(355): CodeIgniter\CodeIgniter->handleRequest(null, Object(Config\Cache), false)
 6 SYSTEMPATH\Boot.php(312): CodeIgniter\CodeIgniter->run()
 7 SYSTEMPATH\Boot.php(67): CodeIgniter\Boot::runCodeIgniter(Object(CodeIgniter\CodeIgniter))
 8 FCPATH\index.php(56): CodeIgniter\Boot::bootWeb(Object(Config\Paths))
CRITICAL - 2024-05-18 04:22:13 --> ParseError: syntax error, unexpected token "}", expecting ";"
[Method: GET, Route: products]
in APPPATH\Controllers\Product.php on line 14.
 1 VENDORPATH\composer\ClassLoader.php(433): Composer\Autoload\{closure}('H:\\xampp\\htdocs\\php-projects\\vendor\\composer/../../app\\Controllers\\Product.php')
 2 [internal function]: Composer\Autoload\ClassLoader->loadClass('App\\Controllers\\Product')
 3 SYSTEMPATH\CodeIgniter.php(887): class_exists('\\App\\Controllers\\Product', true)
 4 SYSTEMPATH\CodeIgniter.php(496): CodeIgniter\CodeIgniter->startController()
 5 SYSTEMPATH\CodeIgniter.php(355): CodeIgniter\CodeIgniter->handleRequest(null, Object(Config\Cache), false)
 6 SYSTEMPATH\Boot.php(312): CodeIgniter\CodeIgniter->run()
 7 SYSTEMPATH\Boot.php(67): CodeIgniter\Boot::runCodeIgniter(Object(CodeIgniter\CodeIgniter))
 8 FCPATH\index.php(56): CodeIgniter\Boot::bootWeb(Object(Config\Paths))
CRITICAL - 2024-05-18 04:22:53 --> ParseError: syntax error, unexpected token "}", expecting ";"
[Method: GET, Route: products]
in APPPATH\Controllers\Product.php on line 24.
 1 VENDORPATH\composer\ClassLoader.php(433): Composer\Autoload\{closure}('H:\\xampp\\htdocs\\php-projects\\vendor\\composer/../../app\\Controllers\\Product.php')
 2 [internal function]: Composer\Autoload\ClassLoader->loadClass('App\\Controllers\\Product')
 3 SYSTEMPATH\CodeIgniter.php(887): class_exists('\\App\\Controllers\\Product', true)
 4 SYSTEMPATH\CodeIgniter.php(496): CodeIgniter\CodeIgniter->startController()
 5 SYSTEMPATH\CodeIgniter.php(355): CodeIgniter\CodeIgniter->handleRequest(null, Object(Config\Cache), false)
 6 SYSTEMPATH\Boot.php(312): CodeIgniter\CodeIgniter->run()
 7 SYSTEMPATH\Boot.php(67): CodeIgniter\Boot::runCodeIgniter(Object(CodeIgniter\CodeIgniter))
 8 FCPATH\index.php(56): CodeIgniter\Boot::bootWeb(Object(Config\Paths))
CRITICAL - 2024-05-18 04:22:59 --> ParseError: syntax error, unexpected token "}", expecting ";"
[Method: GET, Route: products]
in APPPATH\Controllers\Product.php on line 14.
 1 VENDORPATH\composer\ClassLoader.php(433): Composer\Autoload\{closure}('H:\\xampp\\htdocs\\php-projects\\vendor\\composer/../../app\\Controllers\\Product.php')
 2 [internal function]: Composer\Autoload\ClassLoader->loadClass('App\\Controllers\\Product')
 3 SYSTEMPATH\CodeIgniter.php(887): class_exists('\\App\\Controllers\\Product', true)
 4 SYSTEMPATH\CodeIgniter.php(496): CodeIgniter\CodeIgniter->startController()
 5 SYSTEMPATH\CodeIgniter.php(355): CodeIgniter\CodeIgniter->handleRequest(null, Object(Config\Cache), false)
 6 SYSTEMPATH\Boot.php(312): CodeIgniter\CodeIgniter->run()
 7 SYSTEMPATH\Boot.php(67): CodeIgniter\Boot::runCodeIgniter(Object(CodeIgniter\CodeIgniter))
 8 FCPATH\index.php(56): CodeIgniter\Boot::bootWeb(Object(Config\Paths))
CRITICAL - 2024-05-18 04:23:01 --> ParseError: syntax error, unexpected token "}", expecting ";"
[Method: GET, Route: products]
in APPPATH\Controllers\Product.php on line 14.
 1 VENDORPATH\composer\ClassLoader.php(433): Composer\Autoload\{closure}('H:\\xampp\\htdocs\\php-projects\\vendor\\composer/../../app\\Controllers\\Product.php')
 2 [internal function]: Composer\Autoload\ClassLoader->loadClass('App\\Controllers\\Product')
 3 SYSTEMPATH\CodeIgniter.php(887): class_exists('\\App\\Controllers\\Product', true)
 4 SYSTEMPATH\CodeIgniter.php(496): CodeIgniter\CodeIgniter->startController()
 5 SYSTEMPATH\CodeIgniter.php(355): CodeIgniter\CodeIgniter->handleRequest(null, Object(Config\Cache), false)
 6 SYSTEMPATH\Boot.php(312): CodeIgniter\CodeIgniter->run()
 7 SYSTEMPATH\Boot.php(67): CodeIgniter\Boot::runCodeIgniter(Object(CodeIgniter\CodeIgniter))
 8 FCPATH\index.php(56): CodeIgniter\Boot::bootWeb(Object(Config\Paths))
CRITICAL - 2024-05-18 04:24:28 --> ParseError: syntax error, unexpected token "}", expecting ";"
[Method: GET, Route: products]
in APPPATH\Controllers\Product.php on line 15.
 1 VENDORPATH\composer\ClassLoader.php(433): Composer\Autoload\{closure}('H:\\xampp\\htdocs\\php-projects\\vendor\\composer/../../app\\Controllers\\Product.php')
 2 [internal function]: Composer\Autoload\ClassLoader->loadClass('App\\Controllers\\Product')
 3 SYSTEMPATH\CodeIgniter.php(887): class_exists('\\App\\Controllers\\Product', true)
 4 SYSTEMPATH\CodeIgniter.php(496): CodeIgniter\CodeIgniter->startController()
 5 SYSTEMPATH\CodeIgniter.php(355): CodeIgniter\CodeIgniter->handleRequest(null, Object(Config\Cache), false)
 6 SYSTEMPATH\Boot.php(312): CodeIgniter\CodeIgniter->run()
 7 SYSTEMPATH\Boot.php(67): CodeIgniter\Boot::runCodeIgniter(Object(CodeIgniter\CodeIgniter))
 8 FCPATH\index.php(56): CodeIgniter\Boot::bootWeb(Object(Config\Paths))
CRITICAL - 2024-05-18 04:24:29 --> ParseError: syntax error, unexpected token "}", expecting ";"
[Method: GET, Route: products]
in APPPATH\Controllers\Product.php on line 15.
 1 VENDORPATH\composer\ClassLoader.php(433): Composer\Autoload\{closure}('H:\\xampp\\htdocs\\php-projects\\vendor\\composer/../../app\\Controllers\\Product.php')
 2 [internal function]: Composer\Autoload\ClassLoader->loadClass('App\\Controllers\\Product')
 3 SYSTEMPATH\CodeIgniter.php(887): class_exists('\\App\\Controllers\\Product', true)
 4 SYSTEMPATH\CodeIgniter.php(496): CodeIgniter\CodeIgniter->startController()
 5 SYSTEMPATH\CodeIgniter.php(355): CodeIgniter\CodeIgniter->handleRequest(null, Object(Config\Cache), false)
 6 SYSTEMPATH\Boot.php(312): CodeIgniter\CodeIgniter->run()
 7 SYSTEMPATH\Boot.php(67): CodeIgniter\Boot::runCodeIgniter(Object(CodeIgniter\CodeIgniter))
 8 FCPATH\index.php(56): CodeIgniter\Boot::bootWeb(Object(Config\Paths))
CRITICAL - 2024-05-18 04:24:29 --> ParseError: syntax error, unexpected token "}", expecting ";"
[Method: GET, Route: products]
in APPPATH\Controllers\Product.php on line 15.
 1 VENDORPATH\composer\ClassLoader.php(433): Composer\Autoload\{closure}('H:\\xampp\\htdocs\\php-projects\\vendor\\composer/../../app\\Controllers\\Product.php')
 2 [internal function]: Composer\Autoload\ClassLoader->loadClass('App\\Controllers\\Product')
 3 SYSTEMPATH\CodeIgniter.php(887): class_exists('\\App\\Controllers\\Product', true)
 4 SYSTEMPATH\CodeIgniter.php(496): CodeIgniter\CodeIgniter->startController()
 5 SYSTEMPATH\CodeIgniter.php(355): CodeIgniter\CodeIgniter->handleRequest(null, Object(Config\Cache), false)
 6 SYSTEMPATH\Boot.php(312): CodeIgniter\CodeIgniter->run()
 7 SYSTEMPATH\Boot.php(67): CodeIgniter\Boot::runCodeIgniter(Object(CodeIgniter\CodeIgniter))
 8 FCPATH\index.php(56): CodeIgniter\Boot::bootWeb(Object(Config\Paths))
CRITICAL - 2024-05-18 04:24:34 --> ParseError: syntax error, unexpected token "}", expecting ";"
[Method: GET, Route: products]
in APPPATH\Controllers\Product.php on line 14.
 1 VENDORPATH\composer\ClassLoader.php(433): Composer\Autoload\{closure}('H:\\xampp\\htdocs\\php-projects\\vendor\\composer/../../app\\Controllers\\Product.php')
 2 [internal function]: Composer\Autoload\ClassLoader->loadClass('App\\Controllers\\Product')
 3 SYSTEMPATH\CodeIgniter.php(887): class_exists('\\App\\Controllers\\Product', true)
 4 SYSTEMPATH\CodeIgniter.php(496): CodeIgniter\CodeIgniter->startController()
 5 SYSTEMPATH\CodeIgniter.php(355): CodeIgniter\CodeIgniter->handleRequest(null, Object(Config\Cache), false)
 6 SYSTEMPATH\Boot.php(312): CodeIgniter\CodeIgniter->run()
 7 SYSTEMPATH\Boot.php(67): CodeIgniter\Boot::runCodeIgniter(Object(CodeIgniter\CodeIgniter))
 8 FCPATH\index.php(56): CodeIgniter\Boot::bootWeb(Object(Config\Paths))
CRITICAL - 2024-05-18 04:25:10 --> ParseError: syntax error, unexpected token "}", expecting ";"
[Method: GET, Route: products]
in APPPATH\Controllers\Product.php on line 14.
 1 VENDORPATH\composer\ClassLoader.php(433): Composer\Autoload\{closure}('H:\\xampp\\htdocs\\php-projects\\vendor\\composer/../../app\\Controllers\\Product.php')
 2 [internal function]: Composer\Autoload\ClassLoader->loadClass('App\\Controllers\\Product')
 3 SYSTEMPATH\CodeIgniter.php(887): class_exists('\\App\\Controllers\\Product', true)
 4 SYSTEMPATH\CodeIgniter.php(496): CodeIgniter\CodeIgniter->startController()
 5 SYSTEMPATH\CodeIgniter.php(355): CodeIgniter\CodeIgniter->handleRequest(null, Object(Config\Cache), false)
 6 SYSTEMPATH\Boot.php(312): CodeIgniter\CodeIgniter->run()
 7 SYSTEMPATH\Boot.php(67): CodeIgniter\Boot::runCodeIgniter(Object(CodeIgniter\CodeIgniter))
 8 FCPATH\index.php(56): CodeIgniter\Boot::bootWeb(Object(Config\Paths))
CRITICAL - 2024-05-18 04:25:11 --> ParseError: syntax error, unexpected token "}", expecting ";"
[Method: GET, Route: products]
in APPPATH\Controllers\Product.php on line 14.
 1 VENDORPATH\composer\ClassLoader.php(433): Composer\Autoload\{closure}('H:\\xampp\\htdocs\\php-projects\\vendor\\composer/../../app\\Controllers\\Product.php')
 2 [internal function]: Composer\Autoload\ClassLoader->loadClass('App\\Controllers\\Product')
 3 SYSTEMPATH\CodeIgniter.php(887): class_exists('\\App\\Controllers\\Product', true)
 4 SYSTEMPATH\CodeIgniter.php(496): CodeIgniter\CodeIgniter->startController()
 5 SYSTEMPATH\CodeIgniter.php(355): CodeIgniter\CodeIgniter->handleRequest(null, Object(Config\Cache), false)
 6 SYSTEMPATH\Boot.php(312): CodeIgniter\CodeIgniter->run()
 7 SYSTEMPATH\Boot.php(67): CodeIgniter\Boot::runCodeIgniter(Object(CodeIgniter\CodeIgniter))
 8 FCPATH\index.php(56): CodeIgniter\Boot::bootWeb(Object(Config\Paths))
CRITICAL - 2024-05-18 04:25:11 --> ParseError: syntax error, unexpected token "}", expecting ";"
[Method: GET, Route: products]
in APPPATH\Controllers\Product.php on line 14.
 1 VENDORPATH\composer\ClassLoader.php(433): Composer\Autoload\{closure}('H:\\xampp\\htdocs\\php-projects\\vendor\\composer/../../app\\Controllers\\Product.php')
 2 [internal function]: Composer\Autoload\ClassLoader->loadClass('App\\Controllers\\Product')
 3 SYSTEMPATH\CodeIgniter.php(887): class_exists('\\App\\Controllers\\Product', true)
 4 SYSTEMPATH\CodeIgniter.php(496): CodeIgniter\CodeIgniter->startController()
 5 SYSTEMPATH\CodeIgniter.php(355): CodeIgniter\CodeIgniter->handleRequest(null, Object(Config\Cache), false)
 6 SYSTEMPATH\Boot.php(312): CodeIgniter\CodeIgniter->run()
 7 SYSTEMPATH\Boot.php(67): CodeIgniter\Boot::runCodeIgniter(Object(CodeIgniter\CodeIgniter))
 8 FCPATH\index.php(56): CodeIgniter\Boot::bootWeb(Object(Config\Paths))
CRITICAL - 2024-05-18 04:29:06 --> ParseError: syntax error, unexpected token "}", expecting ";"
[Method: GET, Route: cart]
in APPPATH\Controllers\Cart.php on line 13.
 1 VENDORPATH\composer\ClassLoader.php(433): Composer\Autoload\{closure}('H:\\xampp\\htdocs\\php-projects\\vendor\\composer/../../app\\Controllers\\Cart.php')
 2 [internal function]: Composer\Autoload\ClassLoader->loadClass('App\\Controllers\\Cart')
 3 SYSTEMPATH\CodeIgniter.php(887): class_exists('\\App\\Controllers\\Cart', true)
 4 SYSTEMPATH\CodeIgniter.php(496): CodeIgniter\CodeIgniter->startController()
 5 SYSTEMPATH\CodeIgniter.php(355): CodeIgniter\CodeIgniter->handleRequest(null, Object(Config\Cache), false)
 6 SYSTEMPATH\Boot.php(312): CodeIgniter\CodeIgniter->run()
 7 SYSTEMPATH\Boot.php(67): CodeIgniter\Boot::runCodeIgniter(Object(CodeIgniter\CodeIgniter))
 8 FCPATH\index.php(56): CodeIgniter\Boot::bootWeb(Object(Config\Paths))
CRITICAL - 2024-05-18 04:29:18 --> CodeIgniter\View\Exceptions\ViewException: Invalid file: "cart_listing.php"
[Method: GET, Route: cart]
in SYSTEMPATH\Exceptions\FrameworkException.php on line 41.
 1 SYSTEMPATH\View\View.php(222): CodeIgniter\Exceptions\FrameworkException::forInvalidFile('cart_listing.php')
 2 SYSTEMPATH\Common.php(1171): CodeIgniter\View\View->render('cart_listing', [], true)
 3 APPPATH\Controllers\Cart.php(12): view('cart_listing')
 4 SYSTEMPATH\CodeIgniter.php(933): App\Controllers\Cart->index()
 5 SYSTEMPATH\CodeIgniter.php(509): CodeIgniter\CodeIgniter->runController(Object(App\Controllers\Cart))
 6 SYSTEMPATH\CodeIgniter.php(355): CodeIgniter\CodeIgniter->handleRequest(null, Object(Config\Cache), false)
 7 SYSTEMPATH\Boot.php(312): CodeIgniter\CodeIgniter->run()
 8 SYSTEMPATH\Boot.php(67): CodeIgniter\Boot::runCodeIgniter(Object(CodeIgniter\CodeIgniter))
 9 FCPATH\index.php(56): CodeIgniter\Boot::bootWeb(Object(Config\Paths))
CRITICAL - 2024-05-18 04:29:22 --> CodeIgniter\View\Exceptions\ViewException: Invalid file: "cart_listing.php"
[Method: GET, Route: cart]
in SYSTEMPATH\Exceptions\FrameworkException.php on line 41.
 1 SYSTEMPATH\View\View.php(222): CodeIgniter\Exceptions\FrameworkException::forInvalidFile('cart_listing.php')
 2 SYSTEMPATH\Common.php(1171): CodeIgniter\View\View->render('cart_listing', [], true)
 3 APPPATH\Controllers\Cart.php(12): view('cart_listing')
 4 SYSTEMPATH\CodeIgniter.php(933): App\Controllers\Cart->index()
 5 SYSTEMPATH\CodeIgniter.php(509): CodeIgniter\CodeIgniter->runController(Object(App\Controllers\Cart))
 6 SYSTEMPATH\CodeIgniter.php(355): CodeIgniter\CodeIgniter->handleRequest(null, Object(Config\Cache), false)
 7 SYSTEMPATH\Boot.php(312): CodeIgniter\CodeIgniter->run()
 8 SYSTEMPATH\Boot.php(67): CodeIgniter\Boot::runCodeIgniter(Object(CodeIgniter\CodeIgniter))
 9 FCPATH\index.php(56): CodeIgniter\Boot::bootWeb(Object(Config\Paths))
CRITICAL - 2024-05-18 05:34:16 --> CodeIgniter\View\Exceptions\ViewException: Invalid file: "default.php"
[Method: GET, Route: products]
in SYSTEMPATH\Exceptions\FrameworkException.php on line 41.
 1 SYSTEMPATH\View\View.php(222): CodeIgniter\Exceptions\FrameworkException::forInvalidFile('default.php')
 2 SYSTEMPATH\View\View.php(250): CodeIgniter\View\View->render('default', [], true)
 3 SYSTEMPATH\Common.php(1171): CodeIgniter\View\View->render('products/product_listing', [], true)
 4 APPPATH\Controllers\Product.php(13): view('products/product_listing')
 5 SYSTEMPATH\CodeIgniter.php(933): App\Controllers\Product->index()
 6 SYSTEMPATH\CodeIgniter.php(509): CodeIgniter\CodeIgniter->runController(Object(App\Controllers\Product))
 7 SYSTEMPATH\CodeIgniter.php(355): CodeIgniter\CodeIgniter->handleRequest(null, Object(Config\Cache), false)
 8 SYSTEMPATH\Boot.php(312): CodeIgniter\CodeIgniter->run()
 9 SYSTEMPATH\Boot.php(67): CodeIgniter\Boot::runCodeIgniter(Object(CodeIgniter\CodeIgniter))
10 FCPATH\index.php(56): CodeIgniter\Boot::bootWeb(Object(Config\Paths))
CRITICAL - 2024-05-18 06:01:29 --> Error: Call to undefined method CodeIgniter\View\View::pate_title()
[Method: GET, Route: cart]
in APPPATH\Views\cart\cart_listing.php on line 2.
 1 SYSTEMPATH\View\View.php(234): include()
 2 SYSTEMPATH\View\View.php(237): CodeIgniter\View\View->CodeIgniter\View\{closure}()
 3 SYSTEMPATH\Common.php(1171): CodeIgniter\View\View->render('cart/cart_listing', [], true)
 4 APPPATH\Controllers\Cart.php(12): view('cart/cart_listing')
 5 SYSTEMPATH\CodeIgniter.php(933): App\Controllers\Cart->index()
 6 SYSTEMPATH\CodeIgniter.php(509): CodeIgniter\CodeIgniter->runController(Object(App\Controllers\Cart))
 7 SYSTEMPATH\CodeIgniter.php(355): CodeIgniter\CodeIgniter->handleRequest(null, Object(Config\Cache), false)
 8 SYSTEMPATH\Boot.php(312): CodeIgniter\CodeIgniter->run()
 9 SYSTEMPATH\Boot.php(67): CodeIgniter\Boot::runCodeIgniter(Object(CodeIgniter\CodeIgniter))
10 FCPATH\index.php(56): CodeIgniter\Boot::bootWeb(Object(Config\Paths))
CRITICAL - 2024-05-18 06:01:40 --> Error: Call to undefined method CodeIgniter\View\View::pate_title()
[Method: GET, Route: cart]
in APPPATH\Views\cart\cart_listing.php on line 4.
 1 SYSTEMPATH\View\View.php(234): include()
 2 SYSTEMPATH\View\View.php(237): CodeIgniter\View\View->CodeIgniter\View\{closure}()
 3 SYSTEMPATH\Common.php(1171): CodeIgniter\View\View->render('cart/cart_listing', [], true)
 4 APPPATH\Controllers\Cart.php(12): view('cart/cart_listing')
 5 SYSTEMPATH\CodeIgniter.php(933): App\Controllers\Cart->index()
 6 SYSTEMPATH\CodeIgniter.php(509): CodeIgniter\CodeIgniter->runController(Object(App\Controllers\Cart))
 7 SYSTEMPATH\CodeIgniter.php(355): CodeIgniter\CodeIgniter->handleRequest(null, Object(Config\Cache), false)
 8 SYSTEMPATH\Boot.php(312): CodeIgniter\CodeIgniter->run()
 9 SYSTEMPATH\Boot.php(67): CodeIgniter\Boot::runCodeIgniter(Object(CodeIgniter\CodeIgniter))
10 FCPATH\index.php(56): CodeIgniter\Boot::bootWeb(Object(Config\Paths))
